<?xml version="1.0" encoding="utf-8" standalone="no"?>
<test-run id="2" testcasecount="18" result="Passed" total="18" passed="18" failed="0" inconclusive="0" skipped="0" asserts="18" engine-version="3.5.0.0" clr-version="4.0.30319.42000" start-time="2016-11-14 09:19:48Z" end-time="2016-11-14 09:19:48Z" duration="0.263211">
  <command-line><![CDATA["C:\Users\harsh\OneDrive\Documents\FizzBuzz\packages\NUnit.ConsoleRunner.3.5.0\tools\nunit3-console.exe" "C:\Users\harsh\OneDrive\Documents\FizzBuzz\FizzBuzzlib.Test\bin\Release\FizzBuzzlib.Test.dll"]]></command-line>
  <test-suite type="Assembly" id="0-1023" name="FizzBuzzlib.Test.dll" fullname="C:\Users\harsh\OneDrive\Documents\FizzBuzz\FizzBuzzlib.Test\bin\Release\FizzBuzzlib.Test.dll" runstate="Runnable" testcasecount="18" result="Passed" start-time="2016-11-14 09:19:48Z" end-time="2016-11-14 09:19:48Z" duration="0.183802" total="18" passed="18" failed="0" inconclusive="0" skipped="0" asserts="18">
    <environment framework-version="3.5.0.0" clr-version="4.0.30319.42000" os-version="Microsoft Windows NT 10.0.14393.0" platform="Win32NT" cwd="C:\Users\harsh\OneDrive\Documents\FizzBuzz" machine-name="DESKTOP-J47QJHL" user="harsh" user-domain="DESKTOP-J47QJHL" culture="en-NZ" uiculture="en-US" os-architecture="x64" />
    <settings>
      <setting name="DisposeRunners" value="True" />
      <setting name="WorkDirectory" value="C:\Users\harsh\OneDrive\Documents\FizzBuzz" />
      <setting name="ImageRuntimeVersion" value="4.0.30319" />
      <setting name="ImageTargetFrameworkName" value=".NETFramework,Version=v4.5.2" />
      <setting name="ImageRequiresX86" value="False" />
      <setting name="ImageRequiresDefaultAppDomainAssemblyResolver" value="False" />
      <setting name="NumberOfTestWorkers" value="8" />
    </settings>
    <properties>
      <property name="_PID" value="9544" />
      <property name="_APPDOMAIN" value="test-domain-" />
    </properties>
    <test-suite type="TestSuite" id="0-1024" name="FizzBuzzlib" fullname="FizzBuzzlib" runstate="Runnable" testcasecount="18" result="Passed" start-time="2016-11-14 09:19:48Z" end-time="2016-11-14 09:19:48Z" duration="0.162818" total="18" passed="18" failed="0" inconclusive="0" skipped="0" asserts="18">
      <test-suite type="TestSuite" id="0-1025" name="Test" fullname="FizzBuzzlib.Test" runstate="Runnable" testcasecount="18" result="Passed" start-time="2016-11-14 09:19:48Z" end-time="2016-11-14 09:19:48Z" duration="0.157894" total="18" passed="18" failed="0" inconclusive="0" skipped="0" asserts="18">
        <test-suite type="TestFixture" id="0-1000" name="FizzBuzzerTests" fullname="FizzBuzzlib.Test.FizzBuzzerTests" classname="FizzBuzzlib.Test.FizzBuzzerTests" runstate="Runnable" testcasecount="18" result="Passed" start-time="2016-11-14 09:19:48Z" end-time="2016-11-14 09:19:48Z" duration="0.152560" total="18" passed="18" failed="0" inconclusive="0" skipped="0" asserts="18">
          <test-suite type="ParameterizedMethod" id="0-1011" name="Buzzer_when_default_return_input" fullname="FizzBuzzlib.Test.FizzBuzzerTests.Buzzer_when_default_return_input" classname="FizzBuzzlib.Test.FizzBuzzerTests" runstate="Runnable" testcasecount="10" result="Passed" start-time="2016-11-14 09:19:48Z" end-time="2016-11-14 09:19:48Z" duration="0.098418" total="10" passed="10" failed="0" inconclusive="0" skipped="0" asserts="10">
            <test-case id="0-1001" name="Buzzer_when_default_return_input(1)" fullname="FizzBuzzlib.Test.FizzBuzzerTests.Buzzer_when_default_return_input(1)" methodname="Buzzer_when_default_return_input" classname="FizzBuzzlib.Test.FizzBuzzerTests" runstate="Runnable" seed="29082780" result="Passed" start-time="2016-11-14 09:19:48Z" end-time="2016-11-14 09:19:48Z" duration="0.042675" asserts="1" />
            <test-case id="0-1002" name="Buzzer_when_default_return_input(2)" fullname="FizzBuzzlib.Test.FizzBuzzerTests.Buzzer_when_default_return_input(2)" methodname="Buzzer_when_default_return_input" classname="FizzBuzzlib.Test.FizzBuzzerTests" runstate="Runnable" seed="766437979" result="Passed" start-time="2016-11-14 09:19:48Z" end-time="2016-11-14 09:19:48Z" duration="0.000109" asserts="1" />
            <test-case id="0-1003" name="Buzzer_when_default_return_input(4)" fullname="FizzBuzzlib.Test.FizzBuzzerTests.Buzzer_when_default_return_input(4)" methodname="Buzzer_when_default_return_input" classname="FizzBuzzlib.Test.FizzBuzzerTests" runstate="Runnable" seed="2095299362" result="Passed" start-time="2016-11-14 09:19:48Z" end-time="2016-11-14 09:19:48Z" duration="0.000071" asserts="1" />
            <test-case id="0-1004" name="Buzzer_when_default_return_input(7)" fullname="FizzBuzzlib.Test.FizzBuzzerTests.Buzzer_when_default_return_input(7)" methodname="Buzzer_when_default_return_input" classname="FizzBuzzlib.Test.FizzBuzzerTests" runstate="Runnable" seed="142183942" result="Passed" start-time="2016-11-14 09:19:48Z" end-time="2016-11-14 09:19:48Z" duration="0.000135" asserts="1" />
            <test-case id="0-1005" name="Buzzer_when_default_return_input(8)" fullname="FizzBuzzlib.Test.FizzBuzzerTests.Buzzer_when_default_return_input(8)" methodname="Buzzer_when_default_return_input" classname="FizzBuzzlib.Test.FizzBuzzerTests" runstate="Runnable" seed="1575867590" result="Passed" start-time="2016-11-14 09:19:48Z" end-time="2016-11-14 09:19:48Z" duration="0.000097" asserts="1" />
            <test-case id="0-1006" name="Buzzer_when_default_return_input(11)" fullname="FizzBuzzlib.Test.FizzBuzzerTests.Buzzer_when_default_return_input(11)" methodname="Buzzer_when_default_return_input" classname="FizzBuzzlib.Test.FizzBuzzerTests" runstate="Runnable" seed="735683923" result="Passed" start-time="2016-11-14 09:19:48Z" end-time="2016-11-14 09:19:48Z" duration="0.000123" asserts="1" />
            <test-case id="0-1007" name="Buzzer_when_default_return_input(13)" fullname="FizzBuzzlib.Test.FizzBuzzerTests.Buzzer_when_default_return_input(13)" methodname="Buzzer_when_default_return_input" classname="FizzBuzzlib.Test.FizzBuzzerTests" runstate="Runnable" seed="232661838" result="Passed" start-time="2016-11-14 09:19:48Z" end-time="2016-11-14 09:19:48Z" duration="0.000098" asserts="1" />
            <test-case id="0-1008" name="Buzzer_when_default_return_input(14)" fullname="FizzBuzzlib.Test.FizzBuzzerTests.Buzzer_when_default_return_input(14)" methodname="Buzzer_when_default_return_input" classname="FizzBuzzlib.Test.FizzBuzzerTests" runstate="Runnable" seed="1807722299" result="Passed" start-time="2016-11-14 09:19:48Z" end-time="2016-11-14 09:19:48Z" duration="0.000108" asserts="1" />
            <test-case id="0-1009" name="Buzzer_when_default_return_input(16)" fullname="FizzBuzzlib.Test.FizzBuzzerTests.Buzzer_when_default_return_input(16)" methodname="Buzzer_when_default_return_input" classname="FizzBuzzlib.Test.FizzBuzzerTests" runstate="Runnable" seed="1182647879" result="Passed" start-time="2016-11-14 09:19:48Z" end-time="2016-11-14 09:19:48Z" duration="0.000108" asserts="1" />
            <test-case id="0-1010" name="Buzzer_when_default_return_input(17)" fullname="FizzBuzzlib.Test.FizzBuzzerTests.Buzzer_when_default_return_input(17)" methodname="Buzzer_when_default_return_input" classname="FizzBuzzlib.Test.FizzBuzzerTests" runstate="Runnable" seed="1329792032" result="Passed" start-time="2016-11-14 09:19:48Z" end-time="2016-11-14 09:19:48Z" duration="0.000125" asserts="1" />
          </test-suite>
          <test-suite type="ParameterizedMethod" id="0-1017" name="Buzzer_whenDev3_return_Fizz" fullname="FizzBuzzlib.Test.FizzBuzzerTests.Buzzer_whenDev3_return_Fizz" classname="FizzBuzzlib.Test.FizzBuzzerTests" runstate="Runnable" testcasecount="5" result="Passed" start-time="2016-11-14 09:19:48Z" end-time="2016-11-14 09:19:48Z" duration="0.016075" total="5" passed="5" failed="0" inconclusive="0" skipped="0" asserts="5">
            <test-case id="0-1012" name="Buzzer_whenDev3_return_Fizz(3)" fullname="FizzBuzzlib.Test.FizzBuzzerTests.Buzzer_whenDev3_return_Fizz(3)" methodname="Buzzer_whenDev3_return_Fizz" classname="FizzBuzzlib.Test.FizzBuzzerTests" runstate="Runnable" seed="170837784" result="Passed" start-time="2016-11-14 09:19:48Z" end-time="2016-11-14 09:19:48Z" duration="0.000615" asserts="1" />
            <test-case id="0-1013" name="Buzzer_whenDev3_return_Fizz(6)" fullname="FizzBuzzlib.Test.FizzBuzzerTests.Buzzer_whenDev3_return_Fizz(6)" methodname="Buzzer_whenDev3_return_Fizz" classname="FizzBuzzlib.Test.FizzBuzzerTests" runstate="Runnable" seed="1931870962" result="Passed" start-time="2016-11-14 09:19:48Z" end-time="2016-11-14 09:19:48Z" duration="0.000131" asserts="1" />
            <test-case id="0-1014" name="Buzzer_whenDev3_return_Fizz(9)" fullname="FizzBuzzlib.Test.FizzBuzzerTests.Buzzer_whenDev3_return_Fizz(9)" methodname="Buzzer_whenDev3_return_Fizz" classname="FizzBuzzlib.Test.FizzBuzzerTests" runstate="Runnable" seed="1191342106" result="Passed" start-time="2016-11-14 09:19:48Z" end-time="2016-11-14 09:19:48Z" duration="0.000169" asserts="1" />
            <test-case id="0-1015" name="Buzzer_whenDev3_return_Fizz(12)" fullname="FizzBuzzlib.Test.FizzBuzzerTests.Buzzer_whenDev3_return_Fizz(12)" methodname="Buzzer_whenDev3_return_Fizz" classname="FizzBuzzlib.Test.FizzBuzzerTests" runstate="Runnable" seed="595696004" result="Passed" start-time="2016-11-14 09:19:48Z" end-time="2016-11-14 09:19:48Z" duration="0.000102" asserts="1" />
            <test-case id="0-1016" name="Buzzer_whenDev3_return_Fizz(18)" fullname="FizzBuzzlib.Test.FizzBuzzerTests.Buzzer_whenDev3_return_Fizz(18)" methodname="Buzzer_whenDev3_return_Fizz" classname="FizzBuzzlib.Test.FizzBuzzerTests" runstate="Runnable" seed="821254187" result="Passed" start-time="2016-11-14 09:19:48Z" end-time="2016-11-14 09:19:48Z" duration="0.000110" asserts="1" />
          </test-suite>
          <test-suite type="ParameterizedMethod" id="0-1022" name="Buzzer_whenDev5_and_Dev3_returnFizzBuzz" fullname="FizzBuzzlib.Test.FizzBuzzerTests.Buzzer_whenDev5_and_Dev3_returnFizzBuzz" classname="FizzBuzzlib.Test.FizzBuzzerTests" runstate="Runnable" testcasecount="1" result="Passed" start-time="2016-11-14 09:19:48Z" end-time="2016-11-14 09:19:48Z" duration="0.010328" total="1" passed="1" failed="0" inconclusive="0" skipped="0" asserts="1">
            <test-case id="0-1021" name="Buzzer_whenDev5_and_Dev3_returnFizzBuzz(15)" fullname="FizzBuzzlib.Test.FizzBuzzerTests.Buzzer_whenDev5_and_Dev3_returnFizzBuzz(15)" methodname="Buzzer_whenDev5_and_Dev3_returnFizzBuzz" classname="FizzBuzzlib.Test.FizzBuzzerTests" runstate="Runnable" seed="7037918" result="Passed" start-time="2016-11-14 09:19:48Z" end-time="2016-11-14 09:19:48Z" duration="0.000671" asserts="1" />
          </test-suite>
          <test-suite type="ParameterizedMethod" id="0-1020" name="Buzzer_whenDev5_return_Buzz" fullname="FizzBuzzlib.Test.FizzBuzzerTests.Buzzer_whenDev5_return_Buzz" classname="FizzBuzzlib.Test.FizzBuzzerTests" runstate="Runnable" testcasecount="2" result="Passed" start-time="2016-11-14 09:19:48Z" end-time="2016-11-14 09:19:48Z" duration="0.008032" total="2" passed="2" failed="0" inconclusive="0" skipped="0" asserts="2">
            <test-case id="0-1018" name="Buzzer_whenDev5_return_Buzz(5)" fullname="FizzBuzzlib.Test.FizzBuzzerTests.Buzzer_whenDev5_return_Buzz(5)" methodname="Buzzer_whenDev5_return_Buzz" classname="FizzBuzzlib.Test.FizzBuzzerTests" runstate="Runnable" seed="282007120" result="Passed" start-time="2016-11-14 09:19:48Z" end-time="2016-11-14 09:19:48Z" duration="0.000656" asserts="1" />
            <test-case id="0-1019" name="Buzzer_whenDev5_return_Buzz(10)" fullname="FizzBuzzlib.Test.FizzBuzzerTests.Buzzer_whenDev5_return_Buzz(10)" methodname="Buzzer_whenDev5_return_Buzz" classname="FizzBuzzlib.Test.FizzBuzzerTests" runstate="Runnable" seed="1908731794" result="Passed" start-time="2016-11-14 09:19:48Z" end-time="2016-11-14 09:19:48Z" duration="0.000124" asserts="1" />
          </test-suite>
        </test-suite>
      </test-suite>
    </test-suite>
  </test-suite>
</test-run>